<?xml version="1.0" encoding="UTF-8"?>
<!-- Generated by org.testng.reporters.JUnitXMLReporter -->
<testsuite ignored="0" hostname="DESKTOP-C50PI6G" failures="0" tests="3" name="Default test" time="27.552" errors="0" timestamp="2024-07-18T15:30:05 IST">
  <testcase classname="testcases.signpage" name="Signin" time="2.091"/>
  <testcase classname="testcases.signpage" name="failSignin" time="5.626"/>
  <testcase classname="testcases.signpage" name="incompleteSignin" time="0.687"/>
</testsuite> <!-- Default test -->
