<?xml version="1.0" encoding="UTF-8"?>
<testng-results ignored="0" total="3" passed="3" failed="0" skipped="0">
  <reporter-output>
  </reporter-output>
  <suite started-at="2024-07-18T15:29:37 IST" name="Default suite" finished-at="2024-07-18T15:30:05 IST" duration-ms="27552">
    <groups>
    </groups>
    <test started-at="2024-07-18T15:29:37 IST" name="Default test" finished-at="2024-07-18T15:30:05 IST" duration-ms="27552">
      <class name="testcases.signpage">
        <test-method is-config="true" signature="setup()[pri:0, instance:testcases.signpage@368247b9]" started-at="2024-07-18T15:29:37 IST" name="setup" finished-at="2024-07-18T15:29:46 IST" duration-ms="8825" status="PASS">
          <reporter-output>
          </reporter-output>
        </test-method> <!-- setup -->
        <test-method signature="Signin()[pri:0, instance:testcases.signpage@368247b9]" started-at="2024-07-18T15:29:46 IST" name="Signin" finished-at="2024-07-18T15:29:48 IST" duration-ms="2091" status="PASS">
          <reporter-output>
          </reporter-output>
        </test-method> <!-- Signin -->
        <test-method is-config="true" signature="teardown()[pri:0, instance:testcases.signpage@368247b9]" started-at="2024-07-18T15:29:48 IST" name="teardown" finished-at="2024-07-18T15:29:49 IST" duration-ms="435" status="PASS">
          <reporter-output>
          </reporter-output>
        </test-method> <!-- teardown -->
        <test-method is-config="true" signature="setup()[pri:0, instance:testcases.signpage@368247b9]" started-at="2024-07-18T15:29:49 IST" name="setup" finished-at="2024-07-18T15:29:52 IST" duration-ms="3133" status="PASS">
          <reporter-output>
          </reporter-output>
        </test-method> <!-- setup -->
        <test-method signature="failSignin()[pri:0, instance:testcases.signpage@368247b9]" started-at="2024-07-18T15:29:52 IST" name="failSignin" finished-at="2024-07-18T15:29:57 IST" duration-ms="5626" status="PASS">
          <reporter-output>
          </reporter-output>
        </test-method> <!-- failSignin -->
        <test-method is-config="true" signature="teardown()[pri:0, instance:testcases.signpage@368247b9]" started-at="2024-07-18T15:29:57 IST" name="teardown" finished-at="2024-07-18T15:29:57 IST" duration-ms="121" status="PASS">
          <reporter-output>
          </reporter-output>
        </test-method> <!-- teardown -->
        <test-method is-config="true" signature="setup()[pri:0, instance:testcases.signpage@368247b9]" started-at="2024-07-18T15:29:57 IST" name="setup" finished-at="2024-07-18T15:30:04 IST" duration-ms="6452" status="PASS">
          <reporter-output>
          </reporter-output>
        </test-method> <!-- setup -->
        <test-method signature="incompleteSignin()[pri:0, instance:testcases.signpage@368247b9]" started-at="2024-07-18T15:30:04 IST" name="incompleteSignin" finished-at="2024-07-18T15:30:05 IST" duration-ms="687" status="PASS">
          <reporter-output>
          </reporter-output>
        </test-method> <!-- incompleteSignin -->
        <test-method is-config="true" signature="teardown()[pri:0, instance:testcases.signpage@368247b9]" started-at="2024-07-18T15:30:05 IST" name="teardown" finished-at="2024-07-18T15:30:05 IST" duration-ms="90" status="PASS">
          <reporter-output>
          </reporter-output>
        </test-method> <!-- teardown -->
      </class> <!-- testcases.signpage -->
    </test> <!-- Default test -->
  </suite> <!-- Default suite -->
</testng-results>
